[INFO ] 2023-11-07 13:35:56.764 [main] TC_01_AccountRegestration_test -  ***         Starting TC_01_AccountRegestration_test      ***
[ERROR] 2023-11-07 13:36:05.650 [main] TC_01_AccountRegestration_test - Test FAILED
[INFO ] 2023-11-07 13:36:24.062 [TestNG-tests-2] TC_01_AccountRegestration_test -  ***         Starting TC_01_AccountRegestration_test      ***
[INFO ] 2023-11-07 13:36:24.062 [TestNG-tests-1] TC_01_AccountRegestration_test -  ***         Starting TC_01_AccountRegestration_test      ***
[ERROR] 2023-11-07 13:36:29.569 [TestNG-tests-1] TC_01_AccountRegestration_test - Test FAILED
[ERROR] 2023-11-07 13:36:31.101 [TestNG-tests-2] TC_01_AccountRegestration_test - Test FAILED
[INFO ] 2023-11-07 13:37:07.073 [TestNG-tests-1] TC_01_AccountRegestration_test -  ***         Starting TC_01_AccountRegestration_test      ***
[INFO ] 2023-11-07 13:37:07.154 [TestNG-tests-2] TC_01_AccountRegestration_test -  ***         Starting TC_01_AccountRegestration_test      ***
[INFO ] 2023-11-07 13:37:07.247 [TestNG-tests-2] TC_01_AccountRegestration_test - Clicked My Account
[INFO ] 2023-11-07 13:37:07.458 [TestNG-tests-1] TC_01_AccountRegestration_test - Clicked My Account
[INFO ] 2023-11-07 13:37:08.050 [TestNG-tests-2] TC_01_AccountRegestration_test - Clicked Register
[INFO ] 2023-11-07 13:37:08.065 [TestNG-tests-1] TC_01_AccountRegestration_test - Clicked Register
[INFO ] 2023-11-07 13:37:08.202 [TestNG-tests-2] TC_01_AccountRegestration_test - Added FIRST NAME
[INFO ] 2023-11-07 13:37:08.208 [TestNG-tests-1] TC_01_AccountRegestration_test - Added FIRST NAME
[INFO ] 2023-11-07 13:37:08.311 [TestNG-tests-1] TC_01_AccountRegestration_test - Added LAST NAME
[INFO ] 2023-11-07 13:37:08.313 [TestNG-tests-2] TC_01_AccountRegestration_test - Added LAST NAME
[INFO ] 2023-11-07 13:37:08.415 [TestNG-tests-1] TC_01_AccountRegestration_test - Added EMAIL
[INFO ] 2023-11-07 13:37:08.433 [TestNG-tests-2] TC_01_AccountRegestration_test - Added EMAIL
[INFO ] 2023-11-07 13:37:08.492 [TestNG-tests-1] TC_01_AccountRegestration_test - Added PHONE NUMBER
[INFO ] 2023-11-07 13:37:08.522 [TestNG-tests-2] TC_01_AccountRegestration_test - Added PHONE NUMBER
[INFO ] 2023-11-07 13:37:08.568 [TestNG-tests-1] TC_01_AccountRegestration_test - Add PASSWORD
[INFO ] 2023-11-07 13:37:08.604 [TestNG-tests-2] TC_01_AccountRegestration_test - Add PASSWORD
[INFO ] 2023-11-07 13:37:08.638 [TestNG-tests-1] TC_01_AccountRegestration_test - Confirmed same PASSWORD
[INFO ] 2023-11-07 13:37:08.677 [TestNG-tests-2] TC_01_AccountRegestration_test - Confirmed same PASSWORD
[INFO ] 2023-11-07 13:37:08.817 [TestNG-tests-1] TC_01_AccountRegestration_test - Clicked on SUBSCRIBE
[INFO ] 2023-11-07 13:37:08.853 [TestNG-tests-2] TC_01_AccountRegestration_test - Clicked on SUBSCRIBE
[INFO ] 2023-11-07 13:37:08.884 [TestNG-tests-1] TC_01_AccountRegestration_test - Clicked on AGREE
[INFO ] 2023-11-07 13:37:08.914 [TestNG-tests-2] TC_01_AccountRegestration_test - Clicked on AGREE
[INFO ] 2023-11-07 13:37:11.605 [TestNG-tests-1] TC_01_AccountRegestration_test - Clicked on CONTINUE
[INFO ] 2023-11-07 13:37:11.619 [TestNG-tests-2] TC_01_AccountRegestration_test - Clicked on CONTINUE
[INFO ] 2023-11-07 13:37:11.649 [TestNG-tests-2] TC_01_AccountRegestration_test - Validating MESSAGE
[INFO ] 2023-11-07 13:37:11.651 [TestNG-tests-1] TC_01_AccountRegestration_test - Validating MESSAGE
[INFO ] 2023-11-07 17:22:11.813 [main] TC_01_AccountRegestration_test -  ***         Starting TC_01_AccountRegestration_test      ***
[INFO ] 2023-11-07 17:22:11.928 [main] TC_01_AccountRegestration_test - Clicked My Account
[INFO ] 2023-11-07 17:22:12.288 [main] TC_01_AccountRegestration_test - Clicked Register
[INFO ] 2023-11-07 17:22:12.393 [main] TC_01_AccountRegestration_test - Added FIRST NAME
[INFO ] 2023-11-07 17:22:12.481 [main] TC_01_AccountRegestration_test - Added LAST NAME
[INFO ] 2023-11-07 17:22:12.563 [main] TC_01_AccountRegestration_test - Added EMAIL
[INFO ] 2023-11-07 17:22:12.634 [main] TC_01_AccountRegestration_test - Added PHONE NUMBER
[INFO ] 2023-11-07 17:22:12.702 [main] TC_01_AccountRegestration_test - Add PASSWORD
[INFO ] 2023-11-07 17:22:12.769 [main] TC_01_AccountRegestration_test - Confirmed same PASSWORD
[INFO ] 2023-11-07 17:22:12.947 [main] TC_01_AccountRegestration_test - Clicked on SUBSCRIBE
[INFO ] 2023-11-07 17:22:13.000 [main] TC_01_AccountRegestration_test - Clicked on AGREE
[INFO ] 2023-11-07 17:22:15.504 [main] TC_01_AccountRegestration_test - Clicked on CONTINUE
[INFO ] 2023-11-07 17:22:15.536 [main] TC_01_AccountRegestration_test - Validating MESSAGE
[INFO ] 2023-11-07 17:37:43.207 [main] TC_01_AccountRegestration_test -  ***         Starting TC_01_AccountRegestration_test      ***
[INFO ] 2023-11-07 17:37:43.303 [main] TC_01_AccountRegestration_test - Clicked My Account
[INFO ] 2023-11-07 17:37:43.660 [main] TC_01_AccountRegestration_test - Clicked Register
[INFO ] 2023-11-07 17:37:43.754 [main] TC_01_AccountRegestration_test - Added FIRST NAME
[INFO ] 2023-11-07 17:37:43.835 [main] TC_01_AccountRegestration_test - Added LAST NAME
[INFO ] 2023-11-07 17:37:43.923 [main] TC_01_AccountRegestration_test - Added EMAIL
[INFO ] 2023-11-07 17:37:43.999 [main] TC_01_AccountRegestration_test - Added PHONE NUMBER
[INFO ] 2023-11-07 17:37:44.072 [main] TC_01_AccountRegestration_test - Add PASSWORD
[INFO ] 2023-11-07 17:37:44.147 [main] TC_01_AccountRegestration_test - Confirmed same PASSWORD
[INFO ] 2023-11-07 17:37:44.308 [main] TC_01_AccountRegestration_test - Clicked on SUBSCRIBE
[INFO ] 2023-11-07 17:37:44.360 [main] TC_01_AccountRegestration_test - Clicked on AGREE
[INFO ] 2023-11-07 17:37:46.847 [main] TC_01_AccountRegestration_test - Clicked on CONTINUE
[INFO ] 2023-11-07 17:37:46.877 [main] TC_01_AccountRegestration_test - Validating MESSAGE
[INFO ] 2023-11-07 17:37:50.737 [main] TC_02_LoginPageTest -  *** OPENING HOME PAGE ***
[INFO ] 2023-11-07 17:37:50.737 [main] TC_02_LoginPageTest -  *** CLICKING ON MY ACCOUNT ***
[INFO ] 2023-11-07 17:37:50.805 [main] TC_02_LoginPageTest -  *** CLICKING ON LOGIN ***
[INFO ] 2023-11-07 17:37:51.184 [main] TC_02_LoginPageTest -  *** OPENING LOGIN PAGE ***
[INFO ] 2023-11-07 17:37:51.188 [main] TC_02_LoginPageTest -  *** INSERTING EMAIL ***
[INFO ] 2023-11-07 17:37:51.343 [main] TC_02_LoginPageTest -  *** INSERTING PASSWORD ***
[INFO ] 2023-11-07 17:37:51.441 [main] TC_02_LoginPageTest -  *** CLICKING ON LOGIN BUTTON ***
[INFO ] 2023-11-07 17:37:51.891 [main] TC_02_LoginPageTest -  *** OPENING MY ACCOUNT PAGE ***
